  Server.cpp
d:\study\lập trình mạng\baitap\whowhattobeamilionaire\server\server\server.cpp(6): error C2065: 'SOCKET': undeclared identifier
d:\study\lập trình mạng\baitap\whowhattobeamilionaire\server\server\server.cpp(6): error C2146: syntax error: missing ';' before identifier 'connSock'
d:\study\lập trình mạng\baitap\whowhattobeamilionaire\server\server\server.cpp(6): error C2065: 'connSock': undeclared identifier
d:\study\lập trình mạng\baitap\whowhattobeamilionaire\server\server\server.cpp(8): error C3861: 'InitWinSock': identifier not found
d:\study\lập trình mạng\baitap\whowhattobeamilionaire\server\server\server.cpp(10): error C2065: 'SOCKET': undeclared identifier
d:\study\lập trình mạng\baitap\whowhattobeamilionaire\server\server\server.cpp(10): error C2146: syntax error: missing ';' before identifier 'listenSock'
d:\study\lập trình mạng\baitap\whowhattobeamilionaire\server\server\server.cpp(10): error C2065: 'listenSock': undeclared identifier
d:\study\lập trình mạng\baitap\whowhattobeamilionaire\server\server\server.cpp(11): error C2065: 'listenSock': undeclared identifier
d:\study\lập trình mạng\baitap\whowhattobeamilionaire\server\server\server.cpp(11): error C2065: 'AF_INET': undeclared identifier
d:\study\lập trình mạng\baitap\whowhattobeamilionaire\server\server\server.cpp(11): error C2065: 'SOCK_STREAM': undeclared identifier
d:\study\lập trình mạng\baitap\whowhattobeamilionaire\server\server\server.cpp(11): error C2065: 'WSA_FLAG_OVERLAPPED': undeclared identifier
d:\study\lập trình mạng\baitap\whowhattobeamilionaire\server\server\server.cpp(11): error C3861: 'WSASocket': identifier not found
d:\study\lập trình mạng\baitap\whowhattobeamilionaire\server\server\server.cpp(12): error C2065: 'listenSock': undeclared identifier
d:\study\lập trình mạng\baitap\whowhattobeamilionaire\server\server\server.cpp(12): error C2065: 'INVALID_SOCKET': undeclared identifier
d:\study\lập trình mạng\baitap\whowhattobeamilionaire\server\server\server.cpp(14): error C3861: 'WSACleanup': identifier not found
d:\study\lập trình mạng\baitap\whowhattobeamilionaire\server\server\server.cpp(18): error C2065: 'sockaddr_in': undeclared identifier
d:\study\lập trình mạng\baitap\whowhattobeamilionaire\server\server\server.cpp(18): error C2146: syntax error: missing ';' before identifier 'serverAddr'
d:\study\lập trình mạng\baitap\whowhattobeamilionaire\server\server\server.cpp(18): error C2065: 'serverAddr': undeclared identifier
d:\study\lập trình mạng\baitap\whowhattobeamilionaire\server\server\server.cpp(20): error C2065: 'serverAddr': undeclared identifier
d:\study\lập trình mạng\baitap\whowhattobeamilionaire\server\server\server.cpp(20): error C2065: 'AF_INET': undeclared identifier
d:\study\lập trình mạng\baitap\whowhattobeamilionaire\server\server\server.cpp(20): error C3861: 'strlen': identifier not found
d:\study\lập trình mạng\baitap\whowhattobeamilionaire\server\server\server.cpp(20): error C3861: 'ParseInt': identifier not found
d:\study\lập trình mạng\baitap\whowhattobeamilionaire\server\server\server.cpp(20): error C3861: 'setSockAddrIn': identifier not found
d:\study\lập trình mạng\baitap\whowhattobeamilionaire\server\server\server.cpp(21): error C2065: 'serverAddr': undeclared identifier
d:\study\lập trình mạng\baitap\whowhattobeamilionaire\server\server\server.cpp(21): error C2065: 'AF_INET': undeclared identifier
d:\study\lập trình mạng\baitap\whowhattobeamilionaire\server\server\server.cpp(21): error C2065: 'SERVER_ADDR': undeclared identifier
d:\study\lập trình mạng\baitap\whowhattobeamilionaire\server\server\server.cpp(21): error C3861: 'strlen': identifier not found
d:\study\lập trình mạng\baitap\whowhattobeamilionaire\server\server\server.cpp(21): error C3861: 'ParseInt': identifier not found
d:\study\lập trình mạng\baitap\whowhattobeamilionaire\server\server\server.cpp(21): error C3861: 'setSockAddrIn': identifier not found
d:\study\lập trình mạng\baitap\whowhattobeamilionaire\server\server\server.cpp(22): error C2065: 'serverAddr': undeclared identifier
d:\study\lập trình mạng\baitap\whowhattobeamilionaire\server\server\server.cpp(22): error C2065: 'AF_INET': undeclared identifier
d:\study\lập trình mạng\baitap\whowhattobeamilionaire\server\server\server.cpp(22): error C2065: 'SERVER_ADDR': undeclared identifier
d:\study\lập trình mạng\baitap\whowhattobeamilionaire\server\server\server.cpp(22): error C2065: 'SERVER_PORT': undeclared identifier
d:\study\lập trình mạng\baitap\whowhattobeamilionaire\server\server\server.cpp(22): error C3861: 'setSockAddrIn': identifier not found
d:\study\lập trình mạng\baitap\whowhattobeamilionaire\server\server\server.cpp(25): error C2065: 'listenSock': undeclared identifier
d:\study\lập trình mạng\baitap\whowhattobeamilionaire\server\server\server.cpp(25): error C2065: 'sockaddr': undeclared identifier
d:\study\lập trình mạng\baitap\whowhattobeamilionaire\server\server\server.cpp(25): error C2059: syntax error: ')'
d:\study\lập trình mạng\baitap\whowhattobeamilionaire\server\server\server.cpp(26): error C2143: syntax error: missing ';' before '{'
d:\study\lập trình mạng\baitap\whowhattobeamilionaire\server\server\server.cpp(28): error C3861: '_getch': identifier not found
d:\study\lập trình mạng\baitap\whowhattobeamilionaire\server\server\server.cpp(33): error C2065: 'listenSock': undeclared identifier
d:\study\lập trình mạng\baitap\whowhattobeamilionaire\server\server\server.cpp(33): error C3861: 'listen': identifier not found
d:\study\lập trình mạng\baitap\whowhattobeamilionaire\server\server\server.cpp(36): error C3861: '_getch': identifier not found
d:\study\lập trình mạng\baitap\whowhattobeamilionaire\server\server\server.cpp(41): error C2065: 'WSAEVENT': undeclared identifier
d:\study\lập trình mạng\baitap\whowhattobeamilionaire\server\server\server.cpp(41): error C2146: syntax error: missing ';' before identifier 'listenEvent'
d:\study\lập trình mạng\baitap\whowhattobeamilionaire\server\server\server.cpp(41): error C2065: 'listenEvent': undeclared identifier
d:\study\lập trình mạng\baitap\whowhattobeamilionaire\server\server\server.cpp(42): error C2065: 'listenEvent': undeclared identifier
d:\study\lập trình mạng\baitap\whowhattobeamilionaire\server\server\server.cpp(42): error C3861: 'WSACreateEvent': identifier not found
d:\study\lập trình mạng\baitap\whowhattobeamilionaire\server\server\server.cpp(42): error C2065: 'WSA_INVALID_EVENT': undeclared identifier
d:\study\lập trình mạng\baitap\whowhattobeamilionaire\server\server\server.cpp(44): error C3861: 'WSAGetLastError': identifier not found
d:\study\lập trình mạng\baitap\whowhattobeamilionaire\server\server\server.cpp(45): error C2065: 'listenSock': undeclared identifier
d:\study\lập trình mạng\baitap\whowhattobeamilionaire\server\server\server.cpp(45): error C3861: 'closesocket': identifier not found
d:\study\lập trình mạng\baitap\whowhattobeamilionaire\server\server\server.cpp(46): error C3861: 'WSACleanup': identifier not found
d:\study\lập trình mạng\baitap\whowhattobeamilionaire\server\server\server.cpp(50): error C2065: 'serverAddr': undeclared identifier
d:\study\lập trình mạng\baitap\whowhattobeamilionaire\server\server\server.cpp(50): error C2228: left of '.sin_addr' must have class/struct/union
  d:\study\lập trình mạng\baitap\whowhattobeamilionaire\server\server\server.cpp(50): note: type is 'unknown-type'
d:\study\lập trình mạng\baitap\whowhattobeamilionaire\server\server\server.cpp(50): error C3861: 'inet_ntoa': identifier not found
d:\study\lập trình mạng\baitap\whowhattobeamilionaire\server\server\server.cpp(50): error C2228: left of '.sin_port' must have class/struct/union
  d:\study\lập trình mạng\baitap\whowhattobeamilionaire\server\server\server.cpp(50): note: type is 'unknown-type'
d:\study\lập trình mạng\baitap\whowhattobeamilionaire\server\server\server.cpp(50): error C3861: 'ntohs': identifier not found
d:\study\lập trình mạng\baitap\whowhattobeamilionaire\server\server\server.cpp(56): error C2065: 'userCrt': undeclared identifier
d:\study\lập trình mạng\baitap\whowhattobeamilionaire\server\server\server.cpp(56): error C3861: 'InitializeCriticalSection': identifier not found
d:\study\lập trình mạng\baitap\whowhattobeamilionaire\server\server\server.cpp(57): error C2065: 'threadCrt': undeclared identifier
d:\study\lập trình mạng\baitap\whowhattobeamilionaire\server\server\server.cpp(57): error C3861: 'InitializeCriticalSection': identifier not found
d:\study\lập trình mạng\baitap\whowhattobeamilionaire\server\server\server.cpp(58): error C2065: 'playCrt': undeclared identifier
d:\study\lập trình mạng\baitap\whowhattobeamilionaire\server\server\server.cpp(58): error C3861: 'InitializeCriticalSection': identifier not found
d:\study\lập trình mạng\baitap\whowhattobeamilionaire\server\server\server.cpp(59): error C2065: 'waitCrt': undeclared identifier
d:\study\lập trình mạng\baitap\whowhattobeamilionaire\server\server\server.cpp(59): error C3861: 'InitializeCriticalSection': identifier not found
d:\study\lập trình mạng\baitap\whowhattobeamilionaire\server\server\server.cpp(61): error C2065: 'MAX_CLIENT_PLAYING': undeclared identifier
d:\study\lập trình mạng\baitap\whowhattobeamilionaire\server\server\server.cpp(62): error C2065: 'playersPlaying': undeclared identifier
d:\study\lập trình mạng\baitap\whowhattobeamilionaire\server\server\server.cpp(65): error C2065: 'MAX_CLIENT_WAITTING': undeclared identifier
d:\study\lập trình mạng\baitap\whowhattobeamilionaire\server\server\server.cpp(66): error C2065: 'playersWaitting': undeclared identifier
d:\study\lập trình mạng\baitap\whowhattobeamilionaire\server\server\server.cpp(69): error C2065: 'MAX_THREAD': undeclared identifier
d:\study\lập trình mạng\baitap\whowhattobeamilionaire\server\server\server.cpp(70): error C2065: 'threadWaittingHandle': undeclared identifier
d:\study\lập trình mạng\baitap\whowhattobeamilionaire\server\server\server.cpp(72): error C2065: 'nThreadWaitting': undeclared identifier
d:\study\lập trình mạng\baitap\whowhattobeamilionaire\server\server\server.cpp(73): error C2065: 'threadPlayingHandle': undeclared identifier
d:\study\lập trình mạng\baitap\whowhattobeamilionaire\server\server\server.cpp(76): error C2065: 'SOCKET': undeclared identifier
d:\study\lập trình mạng\baitap\whowhattobeamilionaire\server\server\server.cpp(76): error C2146: syntax error: missing ';' before identifier 'connSock'
d:\study\lập trình mạng\baitap\whowhattobeamilionaire\server\server\server.cpp(76): error C2065: 'connSock': undeclared identifier
d:\study\lập trình mạng\baitap\whowhattobeamilionaire\server\server\server.cpp(77): error C2065: 'DWORD': undeclared identifier
d:\study\lập trình mạng\baitap\whowhattobeamilionaire\server\server\server.cpp(77): error C2146: syntax error: missing ';' before identifier 'flags'
d:\study\lập trình mạng\baitap\whowhattobeamilionaire\server\server\server.cpp(77): error C2065: 'flags': undeclared identifier
d:\study\lập trình mạng\baitap\whowhattobeamilionaire\server\server\server.cpp(79): error C2065: 'sockaddr_in': undeclared identifier
d:\study\lập trình mạng\baitap\whowhattobeamilionaire\server\server\server.cpp(79): error C2146: syntax error: missing ';' before identifier 'clientAddr'
d:\study\lập trình mạng\baitap\whowhattobeamilionaire\server\server\server.cpp(79): error C2065: 'clientAddr': undeclared identifier
d:\study\lập trình mạng\baitap\whowhattobeamilionaire\server\server\server.cpp(80): error C2065: 'clientAddr': undeclared identifier
d:\study\lập trình mạng\baitap\whowhattobeamilionaire\server\server\server.cpp(82): error C2065: 'TRUE': undeclared identifier
d:\study\lập trình mạng\baitap\whowhattobeamilionaire\server\server\server.cpp(84): error C2065: 'connSock': undeclared identifier
d:\study\lập trình mạng\baitap\whowhattobeamilionaire\server\server\server.cpp(84): error C2065: 'listenSock': undeclared identifier
d:\study\lập trình mạng\baitap\whowhattobeamilionaire\server\server\server.cpp(84): error C2065: 'sockaddr': undeclared identifier
d:\study\lập trình mạng\baitap\whowhattobeamilionaire\server\server\server.cpp(84): error C2059: syntax error: ')'
d:\study\lập trình mạng\baitap\whowhattobeamilionaire\server\server\server.cpp(85): error C2065: 'connSock': undeclared identifier
d:\study\lập trình mạng\baitap\whowhattobeamilionaire\server\server\server.cpp(85): error C2065: 'SOCKET_ERROR': undeclared identifier
d:\study\lập trình mạng\baitap\whowhattobeamilionaire\server\server\server.cpp(87): error C3861: 'WSAGetLastError': identifier not found
d:\study\lập trình mạng\baitap\whowhattobeamilionaire\server\server\server.cpp(88): error C2065: 'listenSock': undeclared identifier
d:\study\lập trình mạng\baitap\whowhattobeamilionaire\server\server\server.cpp(88): error C3861: 'closesocket': identifier not found
d:\study\lập trình mạng\baitap\whowhattobeamilionaire\server\server\server.cpp(94): error C2065: 'waitCrt': undeclared identifier
d:\study\lập trình mạng\baitap\whowhattobeamilionaire\server\server\server.cpp(94): error C3861: 'EnterCriticalSection': identifier not found
d:\study\lập trình mạng\baitap\whowhattobeamilionaire\server\server\server.cpp(95): error C2065: 'MAX_CLIENT_WAITTING': undeclared identifier
d:\study\lập trình mạng\baitap\whowhattobeamilionaire\server\server\server.cpp(96): error C2065: 'playersWaitting': undeclared identifier
d:\study\lập trình mạng\baitap\whowhattobeamilionaire\server\server\server.cpp(97): error C2065: 'waitCrt': undeclared identifier
d:\study\lập trình mạng\baitap\whowhattobeamilionaire\server\server\server.cpp(97): error C3861: 'LeaveCriticalSection': identifier not found
d:\study\lập trình mạng\baitap\whowhattobeamilionaire\server\server\server.cpp(99): error C2065: 'MAX_CLIENT_WAITTING': undeclared identifier
d:\study\lập trình mạng\baitap\whowhattobeamilionaire\server\server\server.cpp(105): error C2065: 'WSA_MAXIMUM_WAIT_EVENTS': undeclared identifier
d:\study\lập trình mạng\baitap\whowhattobeamilionaire\server\server\server.cpp(105): fatal error C1003: error count exceeds 100; stopping compilation
